<?xml version="1.0" encoding="UTF-8"?>
<!--
  ~
  ~    Copyright (c) 2018-2021 Green Button Alliance, Inc.
  ~
  ~    Portions (c) 2013-2018 EnergyOS.org
  ~
  ~     Licensed under the Apache License, Version 2.0 (the "License");
  ~     you may not use this file except in compliance with the License.
  ~     You may obtain a copy of the License at
  ~
  ~         http://www.apache.org/licenses/LICENSE-2.0
  ~
  ~     Unless required by applicable law or agreed to in writing, software
  ~     distributed under the License is distributed on an "AS IS" BASIS,
  ~     WITHOUT WARRANTIES OR CONDITIONS OF ANY KIND, either express or implied.
  ~     See the License for the specific language governing permissions and
  ~     limitations under the License.
  ~
  -->

<beans xmlns="http://www.springframework.org/schema/beans"
       xmlns:xsi="http://www.w3.org/2001/XMLSchema-instance"
       xmlns:util="http://www.springframework.org/schema/util"
       xmlns:context="http://www.springframework.org/schema/context"
       xmlns:p="http://www.springframework.org/schema/p"
       xmlns:tx="http://www.springframework.org/schema/tx"
       xsi:schemaLocation="http://www.springframework.org/schema/beans http://www.springframework.org/schema/beans/spring-beans.xsd
		http://www.springframework.org/schema/tx http://www.springframework.org/schema/tx/spring-tx.xsd
		http://www.springframework.org/schema/context http://www.springframework.org/schema/context/spring-context.xsd
        http://www.springframework.org/schema/util http://www.springframework.org/schema/util/spring-util.xsd">

    <context:component-scan base-package="org.greenbuttonalliance.espi.common.service"/>
    <context:component-scan base-package="org.greenbuttonalliance.espi.common.utils"/>
<!--    <context:component-scan base-package="org.greenbuttonalliance.espi.common.support"/>    -->

<!--    <context:property-placeholder location="classpath:spring/${database}-data-access.properties"-->
<!--                                  system-properties-mode="OVERRIDE"/>-->

    <beans profile="dev">
        <context:property-placeholder location="classpath:spring/hsql-data-access.properties" />
    </beans>

    <beans profile="devmysql">
        <context:property-placeholder location="classpath:src/test/resources/spring/mysql-data-access.properties" />
    </beans>

    <beans>
        <bean id="dataSource" class="org.apache.tomcat.jdbc.pool.DataSource" p:driverClassName="${jdbc.driverClassName}"
              p:url="${jdbc.url}" p:username="${jdbc.username}" p:password="${jdbc.password}" p:initialSize="10"
              p:maxActive="20" p:maxIdle="5" p:minIdle="2"/>

<!--    <context:property-placeholder location="classpath:spring/${database}-data-access.properties"-->
<!--                                  system-properties-mode="OVERRIDE"/>-->

        <tx:annotation-driven/>

        <bean id="entityManagerFactory" class="org.springframework.orm.jpa.LocalContainerEntityManagerFactoryBean" p:dataSource-ref="dataSource">
            <property name="jpaVendorAdapter">
                <bean class="org.springframework.orm.jpa.vendor.HibernateJpaVendorAdapter" p:database="${jpa.database}" p:showSql="${jpa.showSql}"/>
            </property>
            <property name="jpaProperties">
                <props>
<!--                    <prop key="hibernate.hbm2ddl.auto">create-drop</prop>-->
                    <prop key="hibernate.hbm2ddl.import_files">db/populateDB.sql</prop>
<!--                    <prop key="hibernate.htm2ddl.auto">none</prop>-->
                </props>
            </property>
            <property name="persistenceUnitName" value="energy"/>
            <property name="packagesToScan" value="org.greenbuttonalliance.espi.common.domain"/>
        </bean>

        <bean id="transactionManager" class="org.springframework.orm.jpa.JpaTransactionManager" p:entityManagerFactory-ref="entityManagerFactory"/>

        <bean class="org.springframework.dao.annotation.PersistenceExceptionTranslationPostProcessor"/>

        <context:component-scan base-package="org.greenbuttonalliance.espi.common.repositories.jpa"/>

        <bean id="domainMarshaller" class="org.springframework.oxm.jaxb.Jaxb2Marshaller">
            <property name="packagesToScan">
                <list>
                    <value>org.greenbuttonalliance.espi.common.domain</value>
                    <value>org.greenbuttonalliance.espi.common.models.atom</value>
                </list>
            </property>
            <property name="marshallerProperties">
                <map>
                    <entry>
                        <key>
                            <util:constant static-field="javax.xml.bind.Marshaller.JAXB_FORMATTED_OUTPUT"/>
                        </key>
                        <value type="java.lang.Boolean">true</value>
                    </entry>
                </map>
            </property>
        </bean>

<!--        <bean id="atomMarshaller" class="org.springframework.oxm.jaxb.Jaxb2Marshaller">-->
<!--            <property name="packagesToScan">-->
<!--                <list>-->
<!--                    <value>org.greenbuttonalliance.espi.common.models.atom</value>-->
<!--                    <value>org.greenbuttonalliance.espi.common.domain</value>-->
<!--                </list>-->
<!--            </property>-->
<!--            <property name="marshallerProperties">-->
<!--                <map>-->
<!--                    <entry>-->
<!--                        <key>-->
<!--                            <util:constant static-field="javax.xml.bind.Marshaller.JAXB_FORMATTED_OUTPUT"/>-->
<!--                        </key>-->
<!--                        <value type="java.lang.Boolean">true</value>-->
<!--                    </entry>-->
<!--                </map>-->
<!--            </property>-->
<!--        </bean>-->

        <bean id="fragmentMarshaller" class="org.springframework.oxm.jaxb.Jaxb2Marshaller">
            <property name="packagesToScan">
                <list>
                    <value>org.greenbuttonalliance.espi.common.models.atom</value>
                    <value>org.greenbuttonalliance.espi.common.domain</value>
                </list>
            </property>
            <property name="marshallerProperties">
                <map>
                    <entry>
                        <key>
                            <util:constant static-field="javax.xml.bind.Marshaller.JAXB_FORMATTED_OUTPUT"/>
                        </key>
                        <value type="java.lang.Boolean">true</value>
                    </entry>
                    <entry>
                        <key>
                            <util:constant static-field="javax.xml.bind.Marshaller.JAXB_FRAGMENT"/>
                        </key>
                        <value type="java.lang.Boolean">true</value>
                    </entry>
                </map>
            </property>
        </bean>

        <bean id="validator"
              class="org.springframework.validation.beanvalidation.LocalValidatorFactoryBean"/>
        <bean id="restTemplate" name="restTemplate" class="org.springframework.web.client.RestTemplate" autowire-candidate="true"/>
    </beans>
</beans>